{"name": "test_login", "status": "broken", "statusDetails": {"message": "selenium.common.exceptions.TimeoutException: Message: \nStacktrace:\n\tGetHandleVerifier [0x00AFFC83+61635]\n\tGetHandleVerifier [0x00AFFCC4+61700]\n\t(No symbol) [0x009205D3]\n\t(No symbol) [0x0096899E]\n\t(No symbol) [0x00968D3B]\n\t(No symbol) [0x009B0E12]\n\t(No symbol) [0x0098D2E4]\n\t(No symbol) [0x009AE61B]\n\t(No symbol) [0x0098D096]\n\t(No symbol) [0x0095C840]\n\t(No symbol) [0x0095D6A4]\n\tGetHandleVerifier [0x00D845A3+2701795]\n\tGetHandleVerifier [0x00D7FD26+2683238]\n\tGetHandleVerifier [0x00D9AA6E+2793134]\n\tGetHandleVerifier [0x00B16945+155013]\n\tGetHandleVerifier [0x00B1D02D+181357]\n\tGetHandleVerifier [0x00B074D8+92440]\n\tGetHandleVerifier [0x00B07680+92864]\n\tGetHandleVerifier [0x00AF2070+5296]\n\tBaseThreadInitThunk [0x76B05D49+25]\n\tRtlInitializeExceptionChain [0x7729D03B+107]\n\tRtlGetAppContainerNamedObjectPath [0x7729CFC1+561]", "trace": "browser = <selenium.webdriver.chrome.webdriver.WebDriver (session=\"74970cf4156c1f00987d64f21a336d13\")>\n\n    def test_login(browser):\n        browser.get(\"https://staging.krishivaas.ai/login\")\n        wait = WebDriverWait(browser, 10)\n        username = wait.until(EC.presence_of_element_located((By.ID, \"email\")))\n        password = wait.until(EC.presence_of_element_located((By.ID, \"password\")))\n>       submit = wait.until(EC.element_to_be_clickable((By.ID, \"submit\")))\n\ntests\\ui\\test_login_ui.py:24: \n_ _ _ _ _ _ _ _ _ _ _ _ _ _ _ _ _ _ _ _ _ _ _ _ _ _ _ _ _ _ _ _ _ _ _ _ _ _ _ _ _ _ _ _ _ _ _ _ _ _ _ _ _ _ _ _ _ _ _ _ _ _ _ _ _ _ _ _ _ _ _ _\n\nself = <selenium.webdriver.support.wait.WebDriverWait (session=\"74970cf4156c1f00987d64f21a336d13\")>\nmethod = <function element_to_be_clickable.<locals>._predicate at 0x000001D6F46687C0>, message = ''\n\n    def until(self, method: Callable[[D], Union[Literal[False], T]], message: str = \"\") -> T:\n        \"\"\"Wait until the method returns a value that is not False.\n    \n        Calls the method provided with the driver as an argument until the\n        return value does not evaluate to ``False``.\n    \n        Parameters:\n        -----------\n        method: callable(WebDriver)\n            - A callable object that takes a WebDriver instance as an argument.\n    \n        message: str\n            - Optional message for :exc:`TimeoutException`\n    \n        Return:\n        -------\n        object: T\n            - The result of the last call to `method`\n    \n        Raises:\n        -------\n        TimeoutException\n            - If 'method' does not return a truthy value within the WebDriverWait\n            object's timeout\n    \n        Example:\n        --------\n        >>> from selenium.webdriver.common.by import By\n        >>> from selenium.webdriver.support.ui import WebDriverWait\n        >>> from selenium.webdriver.support import expected_conditions as EC\n    \n        # Wait until an element is visible on the page\n        >>> wait = WebDriverWait(driver, 10)\n        >>> element = wait.until(EC.visibility_of_element_located((By.ID, \"exampleId\")))\n        >>> print(element.text)\n        \"\"\"\n        screen = None\n        stacktrace = None\n    \n        end_time = time.monotonic() + self._timeout\n        while True:\n            try:\n                value = method(self._driver)\n                if value:\n                    return value\n            except self._ignored_exceptions as exc:\n                screen = getattr(exc, \"screen\", None)\n                stacktrace = getattr(exc, \"stacktrace\", None)\n            if time.monotonic() > end_time:\n                break\n            time.sleep(self._poll)\n>       raise TimeoutException(message, screen, stacktrace)\nE       selenium.common.exceptions.TimeoutException: Message: \nE       Stacktrace:\nE       \tGetHandleVerifier [0x00AFFC83+61635]\nE       \tGetHandleVerifier [0x00AFFCC4+61700]\nE       \t(No symbol) [0x009205D3]\nE       \t(No symbol) [0x0096899E]\nE       \t(No symbol) [0x00968D3B]\nE       \t(No symbol) [0x009B0E12]\nE       \t(No symbol) [0x0098D2E4]\nE       \t(No symbol) [0x009AE61B]\nE       \t(No symbol) [0x0098D096]\nE       \t(No symbol) [0x0095C840]\nE       \t(No symbol) [0x0095D6A4]\nE       \tGetHandleVerifier [0x00D845A3+2701795]\nE       \tGetHandleVerifier [0x00D7FD26+2683238]\nE       \tGetHandleVerifier [0x00D9AA6E+2793134]\nE       \tGetHandleVerifier [0x00B16945+155013]\nE       \tGetHandleVerifier [0x00B1D02D+181357]\nE       \tGetHandleVerifier [0x00B074D8+92440]\nE       \tGetHandleVerifier [0x00B07680+92864]\nE       \tGetHandleVerifier [0x00AF2070+5296]\nE       \tBaseThreadInitThunk [0x76B05D49+25]\nE       \tRtlInitializeExceptionChain [0x7729D03B+107]\nE       \tRtlGetAppContainerNamedObjectPath [0x7729CFC1+561]\n\n..\\..\\AppData\\Local\\Programs\\Python\\Python312\\Lib\\site-packages\\selenium\\webdriver\\support\\wait.py:146: TimeoutException"}, "attachments": [{"name": "Test Arguments", "source": "3b655c95-b245-4813-85c0-b3cc17654500-attachment.txt", "type": "text/plain"}], "start": 1747304290192, "stop": 1747304302990, "uuid": "f1f1f92c-04bd-4333-920a-b275bc9fd90d", "historyId": "6b7ef6b5720d4039093b5805486eb52d", "testCaseId": "6b7ef6b5720d4039093b5805486eb52d", "fullName": "tests.ui.test_login_ui#test_login", "labels": [{"name": "parentSuite", "value": "tests.ui"}, {"name": "suite", "value": "test_login_ui"}, {"name": "host", "value": "DELL"}, {"name": "thread", "value": "19856-MainThread"}, {"name": "framework", "value": "pytest"}, {"name": "language", "value": "cpython3"}, {"name": "package", "value": "tests.ui.test_login_ui"}]}