{"name": "test_login", "status": "broken", "statusDetails": {"message": "selenium.common.exceptions.NoSuchElementException: Message: no such element: Unable to locate element: {\"method\":\"css selector\",\"selector\":\"[id=\"submit\"]\"}\n  (Session info: chrome=136.0.7103.93); For documentation on this error, please visit: https://www.selenium.dev/documentation/webdriver/troubleshooting/errors#no-such-element-exception\nStacktrace:\n\tGetHandleVerifier [0x00AFFC83+61635]\n\tGetHandleVerifier [0x00AFFCC4+61700]\n\t(No symbol) [0x009205D3]\n\t(No symbol) [0x0096899E]\n\t(No symbol) [0x00968D3B]\n\t(No symbol) [0x009B0E12]\n\t(No symbol) [0x0098D2E4]\n\t(No symbol) [0x009AE61B]\n\t(No symbol) [0x0098D096]\n\t(No symbol) [0x0095C840]\n\t(No symbol) [0x0095D6A4]\n\tGetHandleVerifier [0x00D845A3+2701795]\n\tGetHandleVerifier [0x00D7FD26+2683238]\n\tGetHandleVerifier [0x00D9AA6E+2793134]\n\tGetHandleVerifier [0x00B16945+155013]\n\tGetHandleVerifier [0x00B1D02D+181357]\n\tGetHandleVerifier [0x00B074D8+92440]\n\tGetHandleVerifier [0x00B07680+92864]\n\tGetHandleVerifier [0x00AF2070+5296]\n\tBaseThreadInitThunk [0x76B05D49+25]\n\tRtlInitializeExceptionChain [0x7729D03B+107]\n\tRtlGetAppContainerNamedObjectPath [0x7729CFC1+561]", "trace": "browser = <selenium.webdriver.chrome.webdriver.WebDriver (session=\"dd4d9a1ceca592c3266936d9bafc518b\")>\n\n    def test_login(browser):\n        browser.get(\"https://staging.krishivaas.ai/login\")\n        username = browser.find_element(By.ID, \"email\")\n        password = browser.find_element(By.ID, \"password\")\n>       submit = browser.find_element(By.ID, \"submit\")\n\ntests\\ui\\test_login_ui.py:21: \n_ _ _ _ _ _ _ _ _ _ _ _ _ _ _ _ _ _ _ _ _ _ _ _ _ _ _ _ _ _ _ _ _ _ _ _ _ _ _ _ _ _ _ _ _ _ _ _ _ _ _ _ _ _ _ _ _ _ _ _ _ _ _ _ _ _ _ _ _ _ _ _\n..\\..\\AppData\\Local\\Programs\\Python\\Python312\\Lib\\site-packages\\selenium\\webdriver\\remote\\webdriver.py:917: in find_element\n    return self.execute(Command.FIND_ELEMENT, {\"using\": by, \"value\": value})[\"value\"]\n..\\..\\AppData\\Local\\Programs\\Python\\Python312\\Lib\\site-packages\\selenium\\webdriver\\remote\\webdriver.py:448: in execute\n    self.error_handler.check_response(response)\n_ _ _ _ _ _ _ _ _ _ _ _ _ _ _ _ _ _ _ _ _ _ _ _ _ _ _ _ _ _ _ _ _ _ _ _ _ _ _ _ _ _ _ _ _ _ _ _ _ _ _ _ _ _ _ _ _ _ _ _ _ _ _ _ _ _ _ _ _ _ _ _\n\nself = <selenium.webdriver.remote.errorhandler.ErrorHandler object at 0x000002A2CAF39AC0>\nresponse = {'status': 404, 'value': '{\"value\":{\"error\":\"no such element\",\"message\":\"no such element: Unable to locate element: {\\...9+25]\\\\n\\\\tRtlInitializeExceptionChain [0x7729D03B+107]\\\\n\\\\tRtlGetAppContainerNamedObjectPath [0x7729CFC1+561]\\\\n\"}}'}\n\n    def check_response(self, response: Dict[str, Any]) -> None:\n        \"\"\"Checks that a JSON response from the WebDriver does not have an\n        error.\n    \n        :Args:\n         - response - The JSON response from the WebDriver server as a dictionary\n           object.\n    \n        :Raises: If the response contains an error message.\n        \"\"\"\n        status = response.get(\"status\", None)\n        if not status or status == ErrorCode.SUCCESS:\n            return\n        value = None\n        message = response.get(\"message\", \"\")\n        screen: str = response.get(\"screen\", \"\")\n        stacktrace = None\n        if isinstance(status, int):\n            value_json = response.get(\"value\", None)\n            if value_json and isinstance(value_json, str):\n                import json\n    \n                try:\n                    value = json.loads(value_json)\n                    if len(value) == 1:\n                        value = value[\"value\"]\n                    status = value.get(\"error\", None)\n                    if not status:\n                        status = value.get(\"status\", ErrorCode.UNKNOWN_ERROR)\n                        message = value.get(\"value\") or value.get(\"message\")\n                        if not isinstance(message, str):\n                            value = message\n                            message = message.get(\"message\")\n                    else:\n                        message = value.get(\"message\", None)\n                except ValueError:\n                    pass\n    \n        exception_class: Type[WebDriverException]\n        e = ErrorCode()\n        error_codes = [item for item in dir(e) if not item.startswith(\"__\")]\n        for error_code in error_codes:\n            error_info = getattr(ErrorCode, error_code)\n            if isinstance(error_info, list) and status in error_info:\n                exception_class = getattr(ExceptionMapping, error_code, WebDriverException)\n                break\n        else:\n            exception_class = WebDriverException\n    \n        if not value:\n            value = response[\"value\"]\n        if isinstance(value, str):\n            raise exception_class(value)\n        if message == \"\" and \"message\" in value:\n            message = value[\"message\"]\n    \n        screen = None  # type: ignore[assignment]\n        if \"screen\" in value:\n            screen = value[\"screen\"]\n    \n        stacktrace = None\n        st_value = value.get(\"stackTrace\") or value.get(\"stacktrace\")\n        if st_value:\n            if isinstance(st_value, str):\n                stacktrace = st_value.split(\"\\n\")\n            else:\n                stacktrace = []\n                try:\n                    for frame in st_value:\n                        line = frame.get(\"lineNumber\", \"\")\n                        file = frame.get(\"fileName\", \"<anonymous>\")\n                        if line:\n                            file = f\"{file}:{line}\"\n                        meth = frame.get(\"methodName\", \"<anonymous>\")\n                        if \"className\" in frame:\n                            meth = f\"{frame['className']}.{meth}\"\n                        msg = \"    at %s (%s)\"\n                        msg = msg % (meth, file)\n                        stacktrace.append(msg)\n                except TypeError:\n                    pass\n        if exception_class == UnexpectedAlertPresentException:\n            alert_text = None\n            if \"data\" in value:\n                alert_text = value[\"data\"].get(\"text\")\n            elif \"alert\" in value:\n                alert_text = value[\"alert\"].get(\"text\")\n            raise exception_class(message, screen, stacktrace, alert_text)  # type: ignore[call-arg]  # mypy is not smart enough here\n>       raise exception_class(message, screen, stacktrace)\nE       selenium.common.exceptions.NoSuchElementException: Message: no such element: Unable to locate element: {\"method\":\"css selector\",\"selector\":\"[id=\"submit\"]\"}\nE         (Session info: chrome=136.0.7103.93); For documentation on this error, please visit: https://www.selenium.dev/documentation/webdriver/troubleshooting/errors#no-such-element-exception\nE       Stacktrace:\nE       \tGetHandleVerifier [0x00AFFC83+61635]\nE       \tGetHandleVerifier [0x00AFFCC4+61700]\nE       \t(No symbol) [0x009205D3]\nE       \t(No symbol) [0x0096899E]\nE       \t(No symbol) [0x00968D3B]\nE       \t(No symbol) [0x009B0E12]\nE       \t(No symbol) [0x0098D2E4]\nE       \t(No symbol) [0x009AE61B]\nE       \t(No symbol) [0x0098D096]\nE       \t(No symbol) [0x0095C840]\nE       \t(No symbol) [0x0095D6A4]\nE       \tGetHandleVerifier [0x00D845A3+2701795]\nE       \tGetHandleVerifier [0x00D7FD26+2683238]\nE       \tGetHandleVerifier [0x00D9AA6E+2793134]\nE       \tGetHandleVerifier [0x00B16945+155013]\nE       \tGetHandleVerifier [0x00B1D02D+181357]\nE       \tGetHandleVerifier [0x00B074D8+92440]\nE       \tGetHandleVerifier [0x00B07680+92864]\nE       \tGetHandleVerifier [0x00AF2070+5296]\nE       \tBaseThreadInitThunk [0x76B05D49+25]\nE       \tRtlInitializeExceptionChain [0x7729D03B+107]\nE       \tRtlGetAppContainerNamedObjectPath [0x7729CFC1+561]\n\n..\\..\\AppData\\Local\\Programs\\Python\\Python312\\Lib\\site-packages\\selenium\\webdriver\\remote\\errorhandler.py:232: NoSuchElementException"}, "attachments": [{"name": "Test Arguments", "source": "356e6b5c-9473-402d-8fd1-dc6b402ea188-attachment.txt", "type": "text/plain"}], "start": 1747304098526, "stop": 1747304100485, "uuid": "fce111fc-82d2-4b58-b039-e20a9afcbaba", "historyId": "6b7ef6b5720d4039093b5805486eb52d", "testCaseId": "6b7ef6b5720d4039093b5805486eb52d", "fullName": "tests.ui.test_login_ui#test_login", "labels": [{"name": "parentSuite", "value": "tests.ui"}, {"name": "suite", "value": "test_login_ui"}, {"name": "host", "value": "DELL"}, {"name": "thread", "value": "4000-MainThread"}, {"name": "framework", "value": "pytest"}, {"name": "language", "value": "cpython3"}, {"name": "package", "value": "tests.ui.test_login_ui"}]}